2023-05-27T14:18:57+00:00 CRITICAL Uncaught TypeError: Unsupported operand types: string / string in C:\xampp\htdocs\woomarcelo2023\wp-content\themes\easy-fly\template-home.php:95
Stack trace:
#0 C:\xampp\htdocs\woomarcelo2023\wp-includes\template-loader.php(106): include()
#1 C:\xampp\htdocs\woomarcelo2023\wp-blog-header.php(19): require_once('C:\\xampp\\htdocs...')
#2 C:\xampp\htdocs\woomarcelo2023\index.php(17): require('C:\\xampp\\htdocs...')
#3 {main}
  thrown, em C:\xampp\htdocs\woomarcelo2023\wp-content\themes\easy-fly\template-home.php, na linha 95

2023-05-27T14:19:14+00:00 CRITICAL Uncaught TypeError: Unsupported operand types: string / string in C:\xampp\htdocs\woomarcelo2023\wp-content\themes\easy-fly\template-home.php:95
Stack trace:
#0 C:\xampp\htdocs\woomarcelo2023\wp-includes\template-loader.php(106): include()
#1 C:\xampp\htdocs\woomarcelo2023\wp-blog-header.php(19): require_once('C:\\xampp\\htdocs...')
#2 C:\xampp\htdocs\woomarcelo2023\index.php(17): require('C:\\xampp\\htdocs...')
#3 {main}
  thrown, em C:\xampp\htdocs\woomarcelo2023\wp-content\themes\easy-fly\template-home.php, na linha 95

2023-05-27T14:19:16+00:00 CRITICAL Uncaught TypeError: Unsupported operand types: string / string in C:\xampp\htdocs\woomarcelo2023\wp-content\themes\easy-fly\template-home.php:95
Stack trace:
#0 C:\xampp\htdocs\woomarcelo2023\wp-includes\template-loader.php(106): include()
#1 C:\xampp\htdocs\woomarcelo2023\wp-blog-header.php(19): require_once('C:\\xampp\\htdocs...')
#2 C:\xampp\htdocs\woomarcelo2023\index.php(17): require('C:\\xampp\\htdocs...')
#3 {main}
  thrown, em C:\xampp\htdocs\woomarcelo2023\wp-content\themes\easy-fly\template-home.php, na linha 95

2023-05-27T14:21:26+00:00 CRITICAL Uncaught TypeError: Unsupported operand types: string / string in C:\xampp\htdocs\woomarcelo2023\wp-content\themes\easy-fly\template-home.php:95
Stack trace:
#0 C:\xampp\htdocs\woomarcelo2023\wp-includes\template-loader.php(106): include()
#1 C:\xampp\htdocs\woomarcelo2023\wp-blog-header.php(19): require_once('C:\\xampp\\htdocs...')
#2 C:\xampp\htdocs\woomarcelo2023\index.php(17): require('C:\\xampp\\htdocs...')
#3 {main}
  thrown, em C:\xampp\htdocs\woomarcelo2023\wp-content\themes\easy-fly\template-home.php, na linha 95

2023-05-27T14:21:30+00:00 CRITICAL Uncaught TypeError: Unsupported operand types: string / string in C:\xampp\htdocs\woomarcelo2023\wp-content\themes\easy-fly\template-home.php:95
Stack trace:
#0 C:\xampp\htdocs\woomarcelo2023\wp-includes\template-loader.php(106): include()
#1 C:\xampp\htdocs\woomarcelo2023\wp-blog-header.php(19): require_once('C:\\xampp\\htdocs...')
#2 C:\xampp\htdocs\woomarcelo2023\index.php(17): require('C:\\xampp\\htdocs...')
#3 {main}
  thrown, em C:\xampp\htdocs\woomarcelo2023\wp-content\themes\easy-fly\template-home.php, na linha 95

2023-05-27T14:29:01+00:00 CRITICAL Uncaught TypeError: Unsupported operand types: string / string in C:\xampp\htdocs\woomarcelo2023\wp-content\themes\easy-fly\template-home.php:95
Stack trace:
#0 C:\xampp\htdocs\woomarcelo2023\wp-includes\template-loader.php(106): include()
#1 C:\xampp\htdocs\woomarcelo2023\wp-blog-header.php(19): require_once('C:\\xampp\\htdocs...')
#2 C:\xampp\htdocs\woomarcelo2023\index.php(17): require('C:\\xampp\\htdocs...')
#3 {main}
  thrown, em C:\xampp\htdocs\woomarcelo2023\wp-content\themes\easy-fly\template-home.php, na linha 95

2023-05-27T14:29:17+00:00 CRITICAL Uncaught TypeError: Unsupported operand types: string / string in C:\xampp\htdocs\woomarcelo2023\wp-content\themes\easy-fly\template-home.php:95
Stack trace:
#0 C:\xampp\htdocs\woomarcelo2023\wp-includes\template-loader.php(106): include()
#1 C:\xampp\htdocs\woomarcelo2023\wp-blog-header.php(19): require_once('C:\\xampp\\htdocs...')
#2 C:\xampp\htdocs\woomarcelo2023\index.php(17): require('C:\\xampp\\htdocs...')
#3 {main}
  thrown, em C:\xampp\htdocs\woomarcelo2023\wp-content\themes\easy-fly\template-home.php, na linha 95

2023-05-27T14:31:21+00:00 CRITICAL Uncaught TypeError: Unsupported operand types: string / string in C:\xampp\htdocs\woomarcelo2023\wp-content\themes\easy-fly\template-home.php:95
Stack trace:
#0 C:\xampp\htdocs\woomarcelo2023\wp-includes\template-loader.php(106): include()
#1 C:\xampp\htdocs\woomarcelo2023\wp-blog-header.php(19): require_once('C:\\xampp\\htdocs...')
#2 C:\xampp\htdocs\woomarcelo2023\index.php(17): require('C:\\xampp\\htdocs...')
#3 {main}
  thrown, em C:\xampp\htdocs\woomarcelo2023\wp-content\themes\easy-fly\template-home.php, na linha 95

